22:16:27:090 [ALWAYS]	GUDE Logging Started
22:16:27:092 [INFO]	SqliteResumeCache::SqliteResumeCache basedirectory is null/empty
22:16:27:092 [ERROR]	SqliteResumeCache::CreateSqliteResumeCache creating resume cache pointer failure
22:16:27:092 [ERROR]	Initialize resume cache pointer failure
22:16:27:092 [INFO]	gude policy POLICY_USER limit (2,2,1) chunk 2097152, chunking (UL 0 DL 1), resXfer 1, adapt 0, NSURL 0, timeout 86400 
22:16:27:092 [INFO]	Initialized -- gude-lib version: v0.12.1 app: gude
22:16:28:240 [WARN]	Ignoring attempt to reinit logging to \gude at level 4 retaining 3 days of logs
22:16:28:240 [INFO]	SqliteResumeCache::SqliteResumeCache basedirectory is null/empty
22:16:28:240 [ERROR]	SqliteResumeCache::CreateSqliteResumeCache creating resume cache pointer failure
22:16:28:240 [ERROR]	Initialize resume cache pointer failure
22:16:28:240 [INFO]	gude policy POLICY_USER limit (4,4,1) chunk 2097152, chunking (UL 0 DL 1), resXfer 1, adapt 0, NSURL 1, timeout 86400 
22:16:28:241 [INFO]	Initialized -- gude-lib version: v0.12.1 app: gude
22:18:20:905 [ALWAYS]	GUDE Logging Started
22:18:20:906 [INFO]	SqliteResumeCache::SqliteResumeCache basedirectory is null/empty
22:18:20:906 [ERROR]	SqliteResumeCache::CreateSqliteResumeCache creating resume cache pointer failure
22:18:20:906 [ERROR]	Initialize resume cache pointer failure
22:18:20:906 [INFO]	gude policy POLICY_USER limit (2,2,1) chunk 2097152, chunking (UL 0 DL 1), resXfer 1, adapt 0, NSURL 0, timeout 86400 
22:18:20:906 [INFO]	Initialized -- gude-lib version: v0.12.1 app: gude
22:18:21:978 [WARN]	Ignoring attempt to reinit logging to \gude at level 4 retaining 3 days of logs
22:18:21:978 [INFO]	SqliteResumeCache::SqliteResumeCache basedirectory is null/empty
22:18:21:978 [ERROR]	SqliteResumeCache::CreateSqliteResumeCache creating resume cache pointer failure
22:18:21:978 [ERROR]	Initialize resume cache pointer failure
22:18:21:979 [INFO]	gude policy POLICY_USER limit (4,4,1) chunk 2097152, chunking (UL 0 DL 1), resXfer 1, adapt 0, NSURL 1, timeout 86400 
22:18:21:979 [INFO]	Initialized -- gude-lib version: v0.12.1 app: gude
